This file contains any messages produced by compilers while
running configure, to aid debugging if configure makes a mistake.

It was created by sgminer configure 5.5.5-gm-a, which was
generated by GNU Autoconf 2.69.  Invocation command line was

  $ ./configure 

## --------- ##
## Platform. ##
## --------- ##

hostname = revolux-X9DRX-F
uname -m = x86_64
uname -r = 4.10.0-28-generic
uname -s = Linux
uname -v = #32~16.04.2-Ubuntu SMP Thu Jul 20 10:19:48 UTC 2017

/usr/bin/uname -p = unknown
/bin/uname -X     = unknown

/bin/arch              = unknown
/usr/bin/arch -k       = unknown
/usr/convex/getsysinfo = unknown
/usr/bin/hostinfo      = unknown
/bin/machine           = unknown
/usr/bin/oslevel       = unknown
/bin/universe          = unknown

PATH: /home/revolux/bin
PATH: /home/revolux/.local/bin
PATH: /usr/local/sbin
PATH: /usr/local/bin
PATH: /usr/sbin
PATH: /usr/bin
PATH: /sbin
PATH: /bin
PATH: /usr/games
PATH: /usr/local/games
PATH: /snap/bin


## ----------- ##
## Core tests. ##
## ----------- ##

configure:2816: checking build system type
configure:2830: result: x86_64-pc-linux-gnu
configure:2850: checking host system type
configure:2863: result: x86_64-pc-linux-gnu
configure:2883: checking target system type
configure:2896: result: x86_64-pc-linux-gnu
configure:2944: checking for a BSD-compatible install
configure:3012: result: /usr/bin/install -c
configure:3023: checking whether build environment is sane
configure:3078: result: yes
configure:3229: checking for a thread-safe mkdir -p
configure:3268: result: /bin/mkdir -p
configure:3276: checking for gawk
configure:3306: result: no
configure:3276: checking for mawk
configure:3292: found /usr/bin/mawk
configure:3303: result: mawk
configure:3314: checking whether make sets $(MAKE)
configure:3336: result: yes
configure:3365: checking whether make supports nested variables
configure:3382: result: yes
configure:3519: checking whether make supports nested variables
configure:3536: result: yes
configure:3559: checking for style of include used by make
configure:3587: result: GNU
configure:3658: checking for gcc
configure:3674: found /usr/bin/gcc
configure:3685: result: gcc
configure:3914: checking for C compiler version
configure:3923: gcc --version >&5
gcc (Ubuntu 5.4.0-6ubuntu1~16.04.4) 5.4.0 20160609
Copyright (C) 2015 Free Software Foundation, Inc.
This is free software; see the source for copying conditions.  There is NO
warranty; not even for MERCHANTABILITY or FITNESS FOR A PARTICULAR PURPOSE.

configure:3934: $? = 0
configure:3923: gcc -v >&5
Using built-in specs.
COLLECT_GCC=gcc
COLLECT_LTO_WRAPPER=/usr/lib/gcc/x86_64-linux-gnu/5/lto-wrapper
Target: x86_64-linux-gnu
Configured with: ../src/configure -v --with-pkgversion='Ubuntu 5.4.0-6ubuntu1~16.04.4' --with-bugurl=file:///usr/share/doc/gcc-5/README.Bugs --enable-languages=c,ada,c++,java,go,d,fortran,objc,obj-c++ --prefix=/usr --program-suffix=-5 --enable-shared --enable-linker-build-id --libexecdir=/usr/lib --without-included-gettext --enable-threads=posix --libdir=/usr/lib --enable-nls --with-sysroot=/ --enable-clocale=gnu --enable-libstdcxx-debug --enable-libstdcxx-time=yes --with-default-libstdcxx-abi=new --enable-gnu-unique-object --disable-vtable-verify --enable-libmpx --enable-plugin --with-system-zlib --disable-browser-plugin --enable-java-awt=gtk --enable-gtk-cairo --with-java-home=/usr/lib/jvm/java-1.5.0-gcj-5-amd64/jre --enable-java-home --with-jvm-root-dir=/usr/lib/jvm/java-1.5.0-gcj-5-amd64 --with-jvm-jar-dir=/usr/lib/jvm-exports/java-1.5.0-gcj-5-amd64 --with-arch-directory=amd64 --with-ecj-jar=/usr/share/java/eclipse-ecj.jar --enable-objc-gc --enable-multiarch --disable-werror --with-arch-32=i686 --with-abi=m64 --with-multilib-list=m32,m64,mx32 --enable-multilib --with-tune=generic --enable-checking=release --build=x86_64-linux-gnu --host=x86_64-linux-gnu --target=x86_64-linux-gnu
Thread model: posix
gcc version 5.4.0 20160609 (Ubuntu 5.4.0-6ubuntu1~16.04.4) 
configure:3934: $? = 0
configure:3923: gcc -V >&5
gcc: error: unrecognized command line option '-V'
gcc: fatal error: no input files
compilation terminated.
configure:3934: $? = 1
configure:3923: gcc -qversion >&5
gcc: error: unrecognized command line option '-qversion'
gcc: fatal error: no input files
compilation terminated.
configure:3934: $? = 1
configure:3954: checking whether the C compiler works
configure:3976: gcc -O2 -Wall -march=native -std=gnu99   conftest.c  >&5
configure:3980: $? = 0
configure:4028: result: yes
configure:4031: checking for C compiler default output file name
configure:4033: result: a.out
configure:4039: checking for suffix of executables
configure:4046: gcc -o conftest -O2 -Wall -march=native -std=gnu99   conftest.c  >&5
configure:4050: $? = 0
configure:4072: result: 
configure:4094: checking whether we are cross compiling
configure:4102: gcc -o conftest -O2 -Wall -march=native -std=gnu99   conftest.c  >&5
configure:4106: $? = 0
configure:4113: ./conftest
configure:4117: $? = 0
configure:4132: result: no
configure:4137: checking for suffix of object files
configure:4159: gcc -c -O2 -Wall -march=native -std=gnu99  conftest.c >&5
configure:4163: $? = 0
configure:4184: result: o
configure:4188: checking whether we are using the GNU C compiler
configure:4207: gcc -c -O2 -Wall -march=native -std=gnu99  conftest.c >&5
configure:4207: $? = 0
configure:4216: result: yes
configure:4225: checking whether gcc accepts -g
configure:4245: gcc -c -g  conftest.c >&5
configure:4245: $? = 0
configure:4286: result: yes
configure:4303: checking for gcc option to accept ISO C89
configure:4366: gcc  -c -O2 -Wall -march=native -std=gnu99  conftest.c >&5
configure:4366: $? = 0
configure:4379: result: none needed
configure:4404: checking whether gcc understands -c and -o together
configure:4426: gcc -c conftest.c -o conftest2.o
configure:4429: $? = 0
configure:4426: gcc -c conftest.c -o conftest2.o
configure:4429: $? = 0
configure:4441: result: yes
configure:4460: checking dependency style of gcc
configure:4571: result: gcc3
configure:4592: checking how to run the C preprocessor
configure:4623: gcc -E  conftest.c
configure:4623: $? = 0
configure:4637: gcc -E  conftest.c
conftest.c:11:28: fatal error: ac_nonexistent.h: No such file or directory
compilation terminated.
configure:4637: $? = 1
configure: failed program was:
| /* confdefs.h */
| #define PACKAGE_NAME "sgminer"
| #define PACKAGE_TARNAME "sgminer"
| #define PACKAGE_VERSION "5.5.5-gm-a"
| #define PACKAGE_STRING "sgminer 5.5.5-gm-a"
| #define PACKAGE_BUGREPORT "veox@wemakethings.net"
| #define PACKAGE_URL "https://github.com/sgminer-dev/sgminer"
| #define PACKAGE "sgminer"
| #define VERSION "5.5.5-gm-a"
| /* end confdefs.h.  */
| #include <ac_nonexistent.h>
configure:4662: result: gcc -E
configure:4682: gcc -E  conftest.c
configure:4682: $? = 0
configure:4696: gcc -E  conftest.c
conftest.c:11:28: fatal error: ac_nonexistent.h: No such file or directory
compilation terminated.
configure:4696: $? = 1
configure: failed program was:
| /* confdefs.h */
| #define PACKAGE_NAME "sgminer"
| #define PACKAGE_TARNAME "sgminer"
| #define PACKAGE_VERSION "5.5.5-gm-a"
| #define PACKAGE_STRING "sgminer 5.5.5-gm-a"
| #define PACKAGE_BUGREPORT "veox@wemakethings.net"
| #define PACKAGE_URL "https://github.com/sgminer-dev/sgminer"
| #define PACKAGE "sgminer"
| #define VERSION "5.5.5-gm-a"
| /* end confdefs.h.  */
| #include <ac_nonexistent.h>
configure:4725: checking for grep that handles long lines and -e
configure:4783: result: /bin/grep
configure:4788: checking for egrep
configure:4850: result: /bin/grep -E
configure:4855: checking for ANSI C header files
configure:4875: gcc -c -O2 -Wall -march=native -std=gnu99  conftest.c >&5
configure:4875: $? = 0
configure:4948: gcc -o conftest -O2 -Wall -march=native -std=gnu99   conftest.c  >&5
configure:4948: $? = 0
configure:4948: ./conftest
configure:4948: $? = 0
configure:4959: result: yes
configure:4972: checking for sys/types.h
configure:4972: gcc -c -O2 -Wall -march=native -std=gnu99  conftest.c >&5
configure:4972: $? = 0
configure:4972: result: yes
configure:4972: checking for sys/stat.h
configure:4972: gcc -c -O2 -Wall -march=native -std=gnu99  conftest.c >&5
configure:4972: $? = 0
configure:4972: result: yes
configure:4972: checking for stdlib.h
configure:4972: gcc -c -O2 -Wall -march=native -std=gnu99  conftest.c >&5
configure:4972: $? = 0
configure:4972: result: yes
configure:4972: checking for string.h
configure:4972: gcc -c -O2 -Wall -march=native -std=gnu99  conftest.c >&5
configure:4972: $? = 0
configure:4972: result: yes
configure:4972: checking for memory.h
configure:4972: gcc -c -O2 -Wall -march=native -std=gnu99  conftest.c >&5
configure:4972: $? = 0
configure:4972: result: yes
configure:4972: checking for strings.h
configure:4972: gcc -c -O2 -Wall -march=native -std=gnu99  conftest.c >&5
configure:4972: $? = 0
configure:4972: result: yes
configure:4972: checking for inttypes.h
configure:4972: gcc -c -O2 -Wall -march=native -std=gnu99  conftest.c >&5
configure:4972: $? = 0
configure:4972: result: yes
configure:4972: checking for stdint.h
configure:4972: gcc -c -O2 -Wall -march=native -std=gnu99  conftest.c >&5
configure:4972: $? = 0
configure:4972: result: yes
configure:4972: checking for unistd.h
configure:4972: gcc -c -O2 -Wall -march=native -std=gnu99  conftest.c >&5
configure:4972: $? = 0
configure:4972: result: yes
configure:4987: checking minix/config.h usability
configure:4987: gcc -c -O2 -Wall -march=native -std=gnu99  conftest.c >&5
conftest.c:54:26: fatal error: minix/config.h: No such file or directory
compilation terminated.
configure:4987: $? = 1
configure: failed program was:
| /* confdefs.h */
| #define PACKAGE_NAME "sgminer"
| #define PACKAGE_TARNAME "sgminer"
| #define PACKAGE_VERSION "5.5.5-gm-a"
| #define PACKAGE_STRING "sgminer 5.5.5-gm-a"
| #define PACKAGE_BUGREPORT "veox@wemakethings.net"
| #define PACKAGE_URL "https://github.com/sgminer-dev/sgminer"
| #define PACKAGE "sgminer"
| #define VERSION "5.5.5-gm-a"
| #define STDC_HEADERS 1
| #define HAVE_SYS_TYPES_H 1
| #define HAVE_SYS_STAT_H 1
| #define HAVE_STDLIB_H 1
| #define HAVE_STRING_H 1
| #define HAVE_MEMORY_H 1
| #define HAVE_STRINGS_H 1
| #define HAVE_INTTYPES_H 1
| #define HAVE_STDINT_H 1
| #define HAVE_UNISTD_H 1
| /* end confdefs.h.  */
| #include <stdio.h>
| #ifdef HAVE_SYS_TYPES_H
| # include <sys/types.h>
| #endif
| #ifdef HAVE_SYS_STAT_H
| # include <sys/stat.h>
| #endif
| #ifdef STDC_HEADERS
| # include <stdlib.h>
| # include <stddef.h>
| #else
| # ifdef HAVE_STDLIB_H
| #  include <stdlib.h>
| # endif
| #endif
| #ifdef HAVE_STRING_H
| # if !defined STDC_HEADERS && defined HAVE_MEMORY_H
| #  include <memory.h>
| # endif
| # include <string.h>
| #endif
| #ifdef HAVE_STRINGS_H
| # include <strings.h>
| #endif
| #ifdef HAVE_INTTYPES_H
| # include <inttypes.h>
| #endif
| #ifdef HAVE_STDINT_H
| # include <stdint.h>
| #endif
| #ifdef HAVE_UNISTD_H
| # include <unistd.h>
| #endif
| #include <minix/config.h>
configure:4987: result: no
configure:4987: checking minix/config.h presence
configure:4987: gcc -E  conftest.c
conftest.c:21:26: fatal error: minix/config.h: No such file or directory
compilation terminated.
configure:4987: $? = 1
configure: failed program was:
| /* confdefs.h */
| #define PACKAGE_NAME "sgminer"
| #define PACKAGE_TARNAME "sgminer"
| #define PACKAGE_VERSION "5.5.5-gm-a"
| #define PACKAGE_STRING "sgminer 5.5.5-gm-a"
| #define PACKAGE_BUGREPORT "veox@wemakethings.net"
| #define PACKAGE_URL "https://github.com/sgminer-dev/sgminer"
| #define PACKAGE "sgminer"
| #define VERSION "5.5.5-gm-a"
| #define STDC_HEADERS 1
| #define HAVE_SYS_TYPES_H 1
| #define HAVE_SYS_STAT_H 1
| #define HAVE_STDLIB_H 1
| #define HAVE_STRING_H 1
| #define HAVE_MEMORY_H 1
| #define HAVE_STRINGS_H 1
| #define HAVE_INTTYPES_H 1
| #define HAVE_STDINT_H 1
| #define HAVE_UNISTD_H 1
| /* end confdefs.h.  */
| #include <minix/config.h>
configure:4987: result: no
configure:4987: checking for minix/config.h
configure:4987: result: no
configure:5016: checking whether it is safe to define __EXTENSIONS__
configure:5034: gcc -c -O2 -Wall -march=native -std=gnu99  conftest.c >&5
configure:5034: $? = 0
configure:5041: result: yes
configure:5093: checking whether to enable maintainer-specific portions of Makefiles
configure:5102: result: no
configure:5164: checking for gcc
configure:5191: result: gcc
configure:5420: checking for C compiler version
configure:5429: gcc --version >&5
gcc (Ubuntu 5.4.0-6ubuntu1~16.04.4) 5.4.0 20160609
Copyright (C) 2015 Free Software Foundation, Inc.
This is free software; see the source for copying conditions.  There is NO
warranty; not even for MERCHANTABILITY or FITNESS FOR A PARTICULAR PURPOSE.

configure:5440: $? = 0
configure:5429: gcc -v >&5
Using built-in specs.
COLLECT_GCC=gcc
COLLECT_LTO_WRAPPER=/usr/lib/gcc/x86_64-linux-gnu/5/lto-wrapper
Target: x86_64-linux-gnu
Configured with: ../src/configure -v --with-pkgversion='Ubuntu 5.4.0-6ubuntu1~16.04.4' --with-bugurl=file:///usr/share/doc/gcc-5/README.Bugs --enable-languages=c,ada,c++,java,go,d,fortran,objc,obj-c++ --prefix=/usr --program-suffix=-5 --enable-shared --enable-linker-build-id --libexecdir=/usr/lib --without-included-gettext --enable-threads=posix --libdir=/usr/lib --enable-nls --with-sysroot=/ --enable-clocale=gnu --enable-libstdcxx-debug --enable-libstdcxx-time=yes --with-default-libstdcxx-abi=new --enable-gnu-unique-object --disable-vtable-verify --enable-libmpx --enable-plugin --with-system-zlib --disable-browser-plugin --enable-java-awt=gtk --enable-gtk-cairo --with-java-home=/usr/lib/jvm/java-1.5.0-gcj-5-amd64/jre --enable-java-home --with-jvm-root-dir=/usr/lib/jvm/java-1.5.0-gcj-5-amd64 --with-jvm-jar-dir=/usr/lib/jvm-exports/java-1.5.0-gcj-5-amd64 --with-arch-directory=amd64 --with-ecj-jar=/usr/share/java/eclipse-ecj.jar --enable-objc-gc --enable-multiarch --disable-werror --with-arch-32=i686 --with-abi=m64 --with-multilib-list=m32,m64,mx32 --enable-multilib --with-tune=generic --enable-checking=release --build=x86_64-linux-gnu --host=x86_64-linux-gnu --target=x86_64-linux-gnu
Thread model: posix
gcc version 5.4.0 20160609 (Ubuntu 5.4.0-6ubuntu1~16.04.4) 
configure:5440: $? = 0
configure:5429: gcc -V >&5
gcc: error: unrecognized command line option '-V'
gcc: fatal error: no input files
compilation terminated.
configure:5440: $? = 1
configure:5429: gcc -qversion >&5
gcc: error: unrecognized command line option '-qversion'
gcc: fatal error: no input files
compilation terminated.
configure:5440: $? = 1
configure:5444: checking whether we are using the GNU C compiler
configure:5472: result: yes
configure:5481: checking whether gcc accepts -g
configure:5542: result: yes
configure:5559: checking for gcc option to accept ISO C89
configure:5635: result: none needed
configure:5660: checking whether gcc understands -c and -o together
configure:5697: result: yes
configure:5716: checking dependency style of gcc
configure:5827: result: gcc3
configure:5885: checking for ranlib
configure:5901: found /usr/bin/ranlib
configure:5912: result: ranlib
configure:5960: checking whether gcc needs -traditional
configure:5994: result: no
configure:6048: checking how to print strings
configure:6075: result: printf
configure:6096: checking for a sed that does not truncate output
configure:6160: result: /bin/sed
configure:6178: checking for fgrep
configure:6240: result: /bin/grep -F
configure:6275: checking for ld used by gcc
configure:6342: result: /usr/bin/ld
configure:6349: checking if the linker (/usr/bin/ld) is GNU ld
configure:6364: result: yes
configure:6376: checking for BSD- or MS-compatible name lister (nm)
configure:6430: result: /usr/bin/nm -B
configure:6560: checking the name lister (/usr/bin/nm -B) interface
configure:6567: gcc -c -O2 -Wall -march=native -std=gnu99  conftest.c >&5
configure:6570: /usr/bin/nm -B "conftest.o"
configure:6573: output
0000000000000000 B some_variable
configure:6580: result: BSD nm
configure:6583: checking whether ln -s works
configure:6587: result: yes
configure:6595: checking the maximum length of command line arguments
configure:6726: result: 1572864
configure:6774: checking how to convert x86_64-pc-linux-gnu file names to x86_64-pc-linux-gnu format
configure:6814: result: func_convert_file_noop
configure:6821: checking how to convert x86_64-pc-linux-gnu file names to toolchain format
configure:6841: result: func_convert_file_noop
configure:6848: checking for /usr/bin/ld option to reload object files
configure:6855: result: -r
configure:6929: checking for objdump
configure:6945: found /usr/bin/objdump
configure:6956: result: objdump
configure:6988: checking how to recognize dependent libraries
configure:7188: result: pass_all
configure:7273: checking for dlltool
configure:7303: result: no
configure:7333: checking how to associate runtime and link libraries
configure:7360: result: printf %s\n
configure:7420: checking for ar
configure:7436: found /usr/bin/ar
configure:7447: result: ar
configure:7484: checking for archiver @FILE support
configure:7501: gcc -c -O2 -Wall -march=native -std=gnu99  conftest.c >&5
configure:7501: $? = 0
configure:7504: ar cru libconftest.a @conftest.lst >&5
ar: `u' modifier ignored since `D' is the default (see `U')
configure:7507: $? = 0
configure:7512: ar cru libconftest.a @conftest.lst >&5
ar: `u' modifier ignored since `D' is the default (see `U')
ar: conftest.o: No such file or directory
configure:7515: $? = 1
configure:7527: result: @
configure:7585: checking for strip
configure:7601: found /usr/bin/strip
configure:7612: result: strip
configure:7684: checking for ranlib
configure:7711: result: ranlib
configure:7813: checking command to parse /usr/bin/nm -B output from gcc object
configure:7966: gcc -c -O2 -Wall -march=native -std=gnu99  conftest.c >&5
configure:7969: $? = 0
configure:7973: /usr/bin/nm -B conftest.o \| sed -n -e 's/^.*[ ]\([ABCDGIRSTW][ABCDGIRSTW]*\)[ ][ ]*\([_A-Za-z][_A-Za-z0-9]*\)$/\1 \2 \2/p' | sed '/ __gnu_lto/d' \> conftest.nm
configure:7976: $? = 0
configure:8042: gcc -o conftest -O2 -Wall -march=native -std=gnu99   conftest.c conftstm.o >&5
configure:8045: $? = 0
configure:8083: result: ok
configure:8130: checking for sysroot
configure:8160: result: no
configure:8167: checking for a working dd
configure:8205: result: /bin/dd
configure:8209: checking how to truncate binary pipes
configure:8224: result: /bin/dd bs=4096 count=1
configure:8360: gcc -c -O2 -Wall -march=native -std=gnu99  conftest.c >&5
configure:8363: $? = 0
configure:8553: checking for mt
configure:8569: found /bin/mt
configure:8580: result: mt
configure:8603: checking if mt is a manifest tool
configure:8609: mt '-?'
configure:8617: result: no
configure:9291: checking for dlfcn.h
configure:9291: gcc -c -O2 -Wall -march=native -std=gnu99  conftest.c >&5
configure:9291: $? = 0
configure:9291: result: yes
configure:9546: checking for objdir
configure:9561: result: .libs
configure:9825: checking if gcc supports -fno-rtti -fno-exceptions
configure:9843: gcc -c -O2 -Wall -march=native -std=gnu99  -fno-rtti -fno-exceptions conftest.c >&5
cc1: warning: command line option '-fno-rtti' is valid for C++/ObjC++ but not for C
configure:9847: $? = 0
configure:9860: result: no
configure:10218: checking for gcc option to produce PIC
configure:10225: result: -fPIC -DPIC
configure:10233: checking if gcc PIC flag -fPIC -DPIC works
configure:10251: gcc -c -O2 -Wall -march=native -std=gnu99  -fPIC -DPIC -DPIC conftest.c >&5
configure:10255: $? = 0
configure:10268: result: yes
configure:10297: checking if gcc static flag -static works
configure:10325: result: yes
configure:10340: checking if gcc supports -c -o file.o
configure:10361: gcc -c -O2 -Wall -march=native -std=gnu99  -o out/conftest2.o conftest.c >&5
configure:10365: $? = 0
configure:10387: result: yes
configure:10395: checking if gcc supports -c -o file.o
configure:10442: result: yes
configure:10475: checking whether the gcc linker (/usr/bin/ld -m elf_x86_64) supports shared libraries
configure:11738: result: yes
configure:11978: checking dynamic linker characteristics
configure:12559: gcc -o conftest -O2 -Wall -march=native -std=gnu99   -Wl,-rpath -Wl,/foo conftest.c  >&5
configure:12559: $? = 0
configure:12808: result: GNU/Linux ld.so
configure:12930: checking how to hardcode library paths into programs
configure:12955: result: immediate
configure:13503: checking whether stripping libraries is possible
configure:13508: result: yes
configure:13543: checking if libtool supports shared libraries
configure:13545: result: yes
configure:13548: checking whether to build shared libraries
configure:13573: result: no
configure:13576: checking whether to build static libraries
configure:13580: result: yes
configure:13632: checking sys/mman.h usability
configure:13632: gcc -c -O2 -Wall -march=native -std=gnu99  conftest.c >&5
configure:13632: $? = 0
configure:13632: result: yes
configure:13632: checking sys/mman.h presence
configure:13632: gcc -E  conftest.c
configure:13632: $? = 0
configure:13632: result: yes
configure:13632: checking for sys/mman.h
configure:13632: result: yes
configure:13632: checking wchar.h usability
configure:13632: gcc -c -O2 -Wall -march=native -std=gnu99  conftest.c >&5
configure:13632: $? = 0
configure:13632: result: yes
configure:13632: checking wchar.h presence
configure:13632: gcc -E  conftest.c
configure:13632: $? = 0
configure:13632: result: yes
configure:13632: checking for wchar.h
configure:13632: result: yes
configure:13632: checking for stdint.h
configure:13632: result: yes
configure:13653: checking for mprotect
configure:13653: gcc -o conftest -O2 -Wall -march=native -std=gnu99   conftest.c  >&5
configure:13653: $? = 0
configure:13653: result: yes
configure:13653: checking for sigaction
configure:13653: gcc -o conftest -O2 -Wall -march=native -std=gnu99   conftest.c  >&5
configure:13653: $? = 0
configure:13653: result: yes
configure:13653: checking for sigaltstack
configure:13653: gcc -o conftest -O2 -Wall -march=native -std=gnu99   conftest.c  >&5
configure:13653: $? = 0
configure:13653: result: yes
configure:13653: checking for siginterrupt
configure:13653: gcc -o conftest -O2 -Wall -march=native -std=gnu99   conftest.c  >&5
configure:13653: $? = 0
configure:13653: result: yes
configure:13744: checking for mmap
configure:13744: gcc -o conftest -O2 -Wall -march=native -std=gnu99   conftest.c  >&5
configure:13744: $? = 0
configure:13744: result: yes
configure:13755: checking for MAP_ANONYMOUS
configure:13792: result: yes
configure:13826: checking whether memchr works
configure:13889: gcc -o conftest -O2 -Wall -march=native -std=gnu99   conftest.c  >&5
configure:13889: $? = 0
configure:13889: ./conftest
configure:13889: $? = 0
configure:13899: result: yes
configure:13907: checking whether memmem is declared
configure:13907: gcc -c -O2 -Wall -march=native -std=gnu99  conftest.c >&5
configure:13907: $? = 0
configure:13907: result: yes
configure:13925: checking for memmem
configure:13925: gcc -o conftest -O2 -Wall -march=native -std=gnu99   conftest.c  >&5
configure:13925: $? = 0
configure:13925: result: yes
configure:13949: checking whether memmem works
configure:14013: gcc -o conftest -O2 -Wall -march=native -std=gnu99   conftest.c  >&5
conftest.c: In function 'main':
conftest.c:58:7: warning: null argument where non-null required (argument 3) [-Wnonnull]
       if (memmem (haystack, 3, NULL, 0) != haystack)
       ^
configure:14013: $? = 0
configure:14013: ./conftest
configure:14013: $? = 0
configure:14024: result: yes
configure:14042: gcc -c -O2 -Wall -march=native -std=gnu99  conftest.c >&5
conftest.c:43:10: error: unknown type name 'not'
          not a universal capable compiler
          ^
conftest.c:43:16: error: expected '=', ',', ';', 'asm' or '__attribute__' before 'universal'
          not a universal capable compiler
                ^
conftest.c:43:16: error: unknown type name 'universal'
configure:14042: $? = 1
configure: failed program was:
| /* confdefs.h */
| #define PACKAGE_NAME "sgminer"
| #define PACKAGE_TARNAME "sgminer"
| #define PACKAGE_VERSION "5.5.5-gm-a"
| #define PACKAGE_STRING "sgminer 5.5.5-gm-a"
| #define PACKAGE_BUGREPORT "veox@wemakethings.net"
| #define PACKAGE_URL "https://github.com/sgminer-dev/sgminer"
| #define PACKAGE "sgminer"
| #define VERSION "5.5.5-gm-a"
| #define STDC_HEADERS 1
| #define HAVE_SYS_TYPES_H 1
| #define HAVE_SYS_STAT_H 1
| #define HAVE_STDLIB_H 1
| #define HAVE_STRING_H 1
| #define HAVE_MEMORY_H 1
| #define HAVE_STRINGS_H 1
| #define HAVE_INTTYPES_H 1
| #define HAVE_STDINT_H 1
| #define HAVE_UNISTD_H 1
| #define __EXTENSIONS__ 1
| #define _ALL_SOURCE 1
| #define _GNU_SOURCE 1
| #define _POSIX_PTHREAD_SEMANTICS 1
| #define _TANDEM_SOURCE 1
| #define SGMINER_MAJOR_VERSION 5
| #define SGMINER_MINOR_VERSION 5
| #define SGMINER_MINOR_SUBVERSION 5
| #define SGMINER_REVISON gm-a
| #define HAVE_DLFCN_H 1
| #define LT_OBJDIR ".libs/"
| #define HAVE_SYS_MMAN_H 1
| #define HAVE_WCHAR_H 1
| #define HAVE_STDINT_H 1
| #define HAVE_MPROTECT 1
| #define HAVE_SIGACTION 1
| #define HAVE_SIGALTSTACK 1
| #define HAVE_SIGINTERRUPT 1
| #define HAVE_MAP_ANONYMOUS 1
| #define HAVE_DECL_MEMMEM 1
| #define HAVE_MEMMEM 1
| /* end confdefs.h.  */
| #ifndef __APPLE_CC__
|          not a universal capable compiler
|         #endif
|         typedef int dummy;
| 
configure:14093: checking for C/C++ restrict keyword
configure:14118: gcc -c -O2 -Wall -march=native -std=gnu99  conftest.c >&5
configure:14118: $? = 0
configure:14126: result: __restrict
configure:14139: checking for uid_t in sys/types.h
configure:14158: result: yes
configure:14169: checking for inline
configure:14185: gcc -c -O2 -Wall -march=native -std=gnu99  conftest.c >&5
configure:14185: $? = 0
configure:14193: result: inline
configure:14226: checking whether the preprocessor supports include_next
configure:14264: gcc -c -O2 -Wall -march=native -std=gnu99  -Iconftestd1b -Iconftestd2 conftest.c >&5
configure:14264: $? = 0
configure:14285: result: yes
configure:14306: checking whether system header files limit the line length
configure:14329: result: no
configure:14343: checking for wchar_t
configure:14360: gcc -c -O2 -Wall -march=native -std=gnu99  conftest.c >&5
configure:14360: $? = 0
configure:14367: result: yes
configure:14376: checking for unsigned long long int
configure:14415: gcc -o conftest -O2 -Wall -march=native -std=gnu99   conftest.c  >&5
configure:14415: $? = 0
configure:14424: result: yes
configure:14434: checking for long long int
configure:14472: gcc -o conftest -O2 -Wall -march=native -std=gnu99   conftest.c  >&5
configure:14472: $? = 0
configure:14472: ./conftest
configure:14472: $? = 0
configure:14484: result: yes
configure:14621: checking whether stdint.h conforms to C99
configure:14792: gcc -c -O2 -Wall -march=native -std=gnu99  conftest.c >&5
configure:14792: $? = 0
configure:14874: gcc -o conftest -O2 -Wall -march=native -std=gnu99   conftest.c  >&5
configure:14874: $? = 0
configure:14874: ./conftest
configure:14874: $? = 0
configure:14886: result: yes
configure:15285: checking whether memmem is declared without a macro
configure:15303: gcc -c -O2 -Wall -march=native -std=gnu99  conftest.c >&5
configure:15303: $? = 0
configure:15311: result: yes
configure:15285: checking whether mempcpy is declared without a macro
configure:15303: gcc -c -O2 -Wall -march=native -std=gnu99  conftest.c >&5
configure:15303: $? = 0
configure:15311: result: yes
configure:15285: checking whether memrchr is declared without a macro
configure:15303: gcc -c -O2 -Wall -march=native -std=gnu99  conftest.c >&5
configure:15303: $? = 0
configure:15311: result: yes
configure:15285: checking whether rawmemchr is declared without a macro
configure:15303: gcc -c -O2 -Wall -march=native -std=gnu99  conftest.c >&5
configure:15303: $? = 0
configure:15311: result: yes
configure:15285: checking whether stpcpy is declared without a macro
configure:15303: gcc -c -O2 -Wall -march=native -std=gnu99  conftest.c >&5
configure:15303: $? = 0
configure:15311: result: yes
configure:15285: checking whether stpncpy is declared without a macro
configure:15303: gcc -c -O2 -Wall -march=native -std=gnu99  conftest.c >&5
configure:15303: $? = 0
configure:15311: result: yes
configure:15285: checking whether strchrnul is declared without a macro
configure:15303: gcc -c -O2 -Wall -march=native -std=gnu99  conftest.c >&5
configure:15303: $? = 0
configure:15311: result: yes
configure:15285: checking whether strdup is declared without a macro
configure:15303: gcc -c -O2 -Wall -march=native -std=gnu99  conftest.c >&5
configure:15303: $? = 0
configure:15311: result: yes
configure:15285: checking whether strncat is declared without a macro
configure:15303: gcc -c -O2 -Wall -march=native -std=gnu99  conftest.c >&5
configure:15303: $? = 0
configure:15311: result: yes
configure:15285: checking whether strndup is declared without a macro
configure:15303: gcc -c -O2 -Wall -march=native -std=gnu99  conftest.c >&5
configure:15303: $? = 0
configure:15311: result: yes
configure:15285: checking whether strnlen is declared without a macro
configure:15303: gcc -c -O2 -Wall -march=native -std=gnu99  conftest.c >&5
configure:15303: $? = 0
configure:15311: result: yes
configure:15285: checking whether strpbrk is declared without a macro
configure:15303: gcc -c -O2 -Wall -march=native -std=gnu99  conftest.c >&5
configure:15303: $? = 0
configure:15311: result: yes
configure:15285: checking whether strsep is declared without a macro
configure:15303: gcc -c -O2 -Wall -march=native -std=gnu99  conftest.c >&5
configure:15303: $? = 0
configure:15311: result: yes
configure:15285: checking whether strcasestr is declared without a macro
configure:15303: gcc -c -O2 -Wall -march=native -std=gnu99  conftest.c >&5
configure:15303: $? = 0
configure:15311: result: yes
configure:15285: checking whether strtok_r is declared without a macro
configure:15303: gcc -c -O2 -Wall -march=native -std=gnu99  conftest.c >&5
configure:15303: $? = 0
configure:15311: result: yes
configure:15285: checking whether strerror_r is declared without a macro
configure:15303: gcc -c -O2 -Wall -march=native -std=gnu99  conftest.c >&5
configure:15303: $? = 0
configure:15311: result: yes
configure:15285: checking whether strsignal is declared without a macro
configure:15303: gcc -c -O2 -Wall -march=native -std=gnu99  conftest.c >&5
configure:15303: $? = 0
configure:15311: result: yes
configure:15285: checking whether strverscmp is declared without a macro
configure:15303: gcc -c -O2 -Wall -march=native -std=gnu99  conftest.c >&5
configure:15303: $? = 0
configure:15311: result: yes
configure:15391: checking whether memmem works in linear time
configure:15462: gcc -o conftest -O2 -Wall -march=native -std=gnu99   conftest.c  >&5
configure:15462: $? = 0
configure:15462: ./conftest
configure:15462: $? = 0
configure:15473: result: yes
configure:15498: checking for memmem
configure:15498: result: yes
configure:15522: checking whether memmem works
configure:15597: result: yes
configure:15643: checking for struct sigaction.sa_sigaction
configure:15643: gcc -c -O2 -Wall -march=native -std=gnu99  conftest.c >&5
configure:15643: $? = 0
configure:15643: result: yes
configure:15778: checking for volatile sig_atomic_t
configure:15778: gcc -c -O2 -Wall -march=native -std=gnu99  conftest.c >&5
configure:15778: $? = 0
configure:15778: gcc -c -O2 -Wall -march=native -std=gnu99  conftest.c >&5
conftest.c: In function 'main':
conftest.c:76:36: error: expected expression before ')' token
 if (sizeof ((volatile sig_atomic_t)))
                                    ^
configure:15778: $? = 1
configure: failed program was:
| /* confdefs.h */
| #define PACKAGE_NAME "sgminer"
| #define PACKAGE_TARNAME "sgminer"
| #define PACKAGE_VERSION "5.5.5-gm-a"
| #define PACKAGE_STRING "sgminer 5.5.5-gm-a"
| #define PACKAGE_BUGREPORT "veox@wemakethings.net"
| #define PACKAGE_URL "https://github.com/sgminer-dev/sgminer"
| #define PACKAGE "sgminer"
| #define VERSION "5.5.5-gm-a"
| #define STDC_HEADERS 1
| #define HAVE_SYS_TYPES_H 1
| #define HAVE_SYS_STAT_H 1
| #define HAVE_STDLIB_H 1
| #define HAVE_STRING_H 1
| #define HAVE_MEMORY_H 1
| #define HAVE_STRINGS_H 1
| #define HAVE_INTTYPES_H 1
| #define HAVE_STDINT_H 1
| #define HAVE_UNISTD_H 1
| #define __EXTENSIONS__ 1
| #define _ALL_SOURCE 1
| #define _GNU_SOURCE 1
| #define _POSIX_PTHREAD_SEMANTICS 1
| #define _TANDEM_SOURCE 1
| #define SGMINER_MAJOR_VERSION 5
| #define SGMINER_MINOR_VERSION 5
| #define SGMINER_MINOR_SUBVERSION 5
| #define SGMINER_REVISON gm-a
| #define HAVE_DLFCN_H 1
| #define LT_OBJDIR ".libs/"
| #define HAVE_SYS_MMAN_H 1
| #define HAVE_WCHAR_H 1
| #define HAVE_STDINT_H 1
| #define HAVE_MPROTECT 1
| #define HAVE_SIGACTION 1
| #define HAVE_SIGALTSTACK 1
| #define HAVE_SIGINTERRUPT 1
| #define HAVE_MAP_ANONYMOUS 1
| #define HAVE_DECL_MEMMEM 1
| #define HAVE_MEMMEM 1
| #define restrict __restrict
| #define HAVE_WCHAR_T 1
| #define HAVE_UNSIGNED_LONG_LONG_INT 1
| #define HAVE_LONG_LONG_INT 1
| #define HAVE_RAW_DECL_MEMMEM 1
| #define HAVE_RAW_DECL_MEMPCPY 1
| #define HAVE_RAW_DECL_MEMRCHR 1
| #define HAVE_RAW_DECL_RAWMEMCHR 1
| #define HAVE_RAW_DECL_STPCPY 1
| #define HAVE_RAW_DECL_STPNCPY 1
| #define HAVE_RAW_DECL_STRCHRNUL 1
| #define HAVE_RAW_DECL_STRDUP 1
| #define HAVE_RAW_DECL_STRNCAT 1
| #define HAVE_RAW_DECL_STRNDUP 1
| #define HAVE_RAW_DECL_STRNLEN 1
| #define HAVE_RAW_DECL_STRPBRK 1
| #define HAVE_RAW_DECL_STRSEP 1
| #define HAVE_RAW_DECL_STRCASESTR 1
| #define HAVE_RAW_DECL_STRTOK_R 1
| #define HAVE_RAW_DECL_STRERROR_R 1
| #define HAVE_RAW_DECL_STRSIGNAL 1
| #define HAVE_RAW_DECL_STRVERSCMP 1
| #define GNULIB_TEST_MEMCHR 1
| #define HAVE_MEMMEM 1
| #define GNULIB_TEST_MEMMEM 1
| #define HAVE_STRUCT_SIGACTION_SA_SIGACTION 1
| #define GNULIB_TEST_SIGACTION 1
| /* end confdefs.h.  */
| 
| #include <signal.h>
| 
| 
| int
| main ()
| {
| if (sizeof ((volatile sig_atomic_t)))
| 	    return 0;
|   ;
|   return 0;
| }
configure:15778: result: yes
configure:15792: checking for sighandler_t
configure:15792: gcc -c -O2 -Wall -march=native -std=gnu99  conftest.c >&5
configure:15792: $? = 0
configure:15792: gcc -c -O2 -Wall -march=native -std=gnu99  conftest.c >&5
conftest.c: In function 'main':
conftest.c:76:27: error: expected expression before ')' token
 if (sizeof ((sighandler_t)))
                           ^
configure:15792: $? = 1
configure: failed program was:
| /* confdefs.h */
| #define PACKAGE_NAME "sgminer"
| #define PACKAGE_TARNAME "sgminer"
| #define PACKAGE_VERSION "5.5.5-gm-a"
| #define PACKAGE_STRING "sgminer 5.5.5-gm-a"
| #define PACKAGE_BUGREPORT "veox@wemakethings.net"
| #define PACKAGE_URL "https://github.com/sgminer-dev/sgminer"
| #define PACKAGE "sgminer"
| #define VERSION "5.5.5-gm-a"
| #define STDC_HEADERS 1
| #define HAVE_SYS_TYPES_H 1
| #define HAVE_SYS_STAT_H 1
| #define HAVE_STDLIB_H 1
| #define HAVE_STRING_H 1
| #define HAVE_MEMORY_H 1
| #define HAVE_STRINGS_H 1
| #define HAVE_INTTYPES_H 1
| #define HAVE_STDINT_H 1
| #define HAVE_UNISTD_H 1
| #define __EXTENSIONS__ 1
| #define _ALL_SOURCE 1
| #define _GNU_SOURCE 1
| #define _POSIX_PTHREAD_SEMANTICS 1
| #define _TANDEM_SOURCE 1
| #define SGMINER_MAJOR_VERSION 5
| #define SGMINER_MINOR_VERSION 5
| #define SGMINER_MINOR_SUBVERSION 5
| #define SGMINER_REVISON gm-a
| #define HAVE_DLFCN_H 1
| #define LT_OBJDIR ".libs/"
| #define HAVE_SYS_MMAN_H 1
| #define HAVE_WCHAR_H 1
| #define HAVE_STDINT_H 1
| #define HAVE_MPROTECT 1
| #define HAVE_SIGACTION 1
| #define HAVE_SIGALTSTACK 1
| #define HAVE_SIGINTERRUPT 1
| #define HAVE_MAP_ANONYMOUS 1
| #define HAVE_DECL_MEMMEM 1
| #define HAVE_MEMMEM 1
| #define restrict __restrict
| #define HAVE_WCHAR_T 1
| #define HAVE_UNSIGNED_LONG_LONG_INT 1
| #define HAVE_LONG_LONG_INT 1
| #define HAVE_RAW_DECL_MEMMEM 1
| #define HAVE_RAW_DECL_MEMPCPY 1
| #define HAVE_RAW_DECL_MEMRCHR 1
| #define HAVE_RAW_DECL_RAWMEMCHR 1
| #define HAVE_RAW_DECL_STPCPY 1
| #define HAVE_RAW_DECL_STPNCPY 1
| #define HAVE_RAW_DECL_STRCHRNUL 1
| #define HAVE_RAW_DECL_STRDUP 1
| #define HAVE_RAW_DECL_STRNCAT 1
| #define HAVE_RAW_DECL_STRNDUP 1
| #define HAVE_RAW_DECL_STRNLEN 1
| #define HAVE_RAW_DECL_STRPBRK 1
| #define HAVE_RAW_DECL_STRSEP 1
| #define HAVE_RAW_DECL_STRCASESTR 1
| #define HAVE_RAW_DECL_STRTOK_R 1
| #define HAVE_RAW_DECL_STRERROR_R 1
| #define HAVE_RAW_DECL_STRSIGNAL 1
| #define HAVE_RAW_DECL_STRVERSCMP 1
| #define GNULIB_TEST_MEMCHR 1
| #define HAVE_MEMMEM 1
| #define GNULIB_TEST_MEMMEM 1
| #define HAVE_STRUCT_SIGACTION_SA_SIGACTION 1
| #define GNULIB_TEST_SIGACTION 1
| /* end confdefs.h.  */
| 
| #include <signal.h>
| 
| 
| int
| main ()
| {
| if (sizeof ((sighandler_t)))
| 	    return 0;
|   ;
|   return 0;
| }
configure:15792: result: yes
configure:15806: checking whether sigaction is declared without a macro
configure:15824: gcc -c -O2 -Wall -march=native -std=gnu99  conftest.c >&5
configure:15824: $? = 0
configure:15832: result: yes
configure:15806: checking whether sigaddset is declared without a macro
configure:15824: gcc -c -O2 -Wall -march=native -std=gnu99  conftest.c >&5
configure:15824: $? = 0
configure:15832: result: yes
configure:15806: checking whether sigdelset is declared without a macro
configure:15824: gcc -c -O2 -Wall -march=native -std=gnu99  conftest.c >&5
configure:15824: $? = 0
configure:15832: result: yes
configure:15806: checking whether sigemptyset is declared without a macro
configure:15824: gcc -c -O2 -Wall -march=native -std=gnu99  conftest.c >&5
configure:15824: $? = 0
configure:15832: result: yes
configure:15806: checking whether sigfillset is declared without a macro
configure:15824: gcc -c -O2 -Wall -march=native -std=gnu99  conftest.c >&5
configure:15824: $? = 0
configure:15832: result: yes
configure:15806: checking whether sigismember is declared without a macro
configure:15824: gcc -c -O2 -Wall -march=native -std=gnu99  conftest.c >&5
configure:15824: $? = 0
configure:15832: result: yes
configure:15806: checking whether sigpending is declared without a macro
configure:15824: gcc -c -O2 -Wall -march=native -std=gnu99  conftest.c >&5
configure:15824: $? = 0
configure:15832: result: yes
configure:15806: checking whether sigprocmask is declared without a macro
configure:15824: gcc -c -O2 -Wall -march=native -std=gnu99  conftest.c >&5
configure:15824: $? = 0
configure:15832: result: yes
configure:15861: checking for sigprocmask
configure:15861: gcc -o conftest -O2 -Wall -march=native -std=gnu99   conftest.c  >&5
configure:15861: $? = 0
configure:15861: result: yes
configure:15928: checking whether NULL can be used in arbitrary expressions
configure:15946: gcc -c -O2 -Wall -march=native -std=gnu99  conftest.c >&5
configure:15946: $? = 0
configure:15953: result: yes
configure:16068: checking for ANSI C header files
configure:16172: result: yes
configure:16182: checking syslog.h usability
configure:16182: gcc -c -O2 -Wall -march=native -std=gnu99  conftest.c >&5
configure:16182: $? = 0
configure:16182: result: yes
configure:16182: checking syslog.h presence
configure:16182: gcc -E  conftest.c
configure:16182: $? = 0
configure:16182: result: yes
configure:16182: checking for syslog.h
configure:16182: result: yes
configure:16193: checking for size_t
configure:16193: gcc -c -O2 -Wall -march=native -std=gnu99  conftest.c >&5
configure:16193: $? = 0
configure:16193: gcc -c -O2 -Wall -march=native -std=gnu99  conftest.c >&5
conftest.c: In function 'main':
conftest.c:116:21: error: expected expression before ')' token
 if (sizeof ((size_t)))
                     ^
configure:16193: $? = 1
configure: failed program was:
| /* confdefs.h */
| #define PACKAGE_NAME "sgminer"
| #define PACKAGE_TARNAME "sgminer"
| #define PACKAGE_VERSION "5.5.5-gm-a"
| #define PACKAGE_STRING "sgminer 5.5.5-gm-a"
| #define PACKAGE_BUGREPORT "veox@wemakethings.net"
| #define PACKAGE_URL "https://github.com/sgminer-dev/sgminer"
| #define PACKAGE "sgminer"
| #define VERSION "5.5.5-gm-a"
| #define STDC_HEADERS 1
| #define HAVE_SYS_TYPES_H 1
| #define HAVE_SYS_STAT_H 1
| #define HAVE_STDLIB_H 1
| #define HAVE_STRING_H 1
| #define HAVE_MEMORY_H 1
| #define HAVE_STRINGS_H 1
| #define HAVE_INTTYPES_H 1
| #define HAVE_STDINT_H 1
| #define HAVE_UNISTD_H 1
| #define __EXTENSIONS__ 1
| #define _ALL_SOURCE 1
| #define _GNU_SOURCE 1
| #define _POSIX_PTHREAD_SEMANTICS 1
| #define _TANDEM_SOURCE 1
| #define SGMINER_MAJOR_VERSION 5
| #define SGMINER_MINOR_VERSION 5
| #define SGMINER_MINOR_SUBVERSION 5
| #define SGMINER_REVISON gm-a
| #define HAVE_DLFCN_H 1
| #define LT_OBJDIR ".libs/"
| #define HAVE_SYS_MMAN_H 1
| #define HAVE_WCHAR_H 1
| #define HAVE_STDINT_H 1
| #define HAVE_MPROTECT 1
| #define HAVE_SIGACTION 1
| #define HAVE_SIGALTSTACK 1
| #define HAVE_SIGINTERRUPT 1
| #define HAVE_MAP_ANONYMOUS 1
| #define HAVE_DECL_MEMMEM 1
| #define HAVE_MEMMEM 1
| #define restrict __restrict
| #define HAVE_WCHAR_T 1
| #define HAVE_UNSIGNED_LONG_LONG_INT 1
| #define HAVE_LONG_LONG_INT 1
| #define HAVE_RAW_DECL_MEMMEM 1
| #define HAVE_RAW_DECL_MEMPCPY 1
| #define HAVE_RAW_DECL_MEMRCHR 1
| #define HAVE_RAW_DECL_RAWMEMCHR 1
| #define HAVE_RAW_DECL_STPCPY 1
| #define HAVE_RAW_DECL_STPNCPY 1
| #define HAVE_RAW_DECL_STRCHRNUL 1
| #define HAVE_RAW_DECL_STRDUP 1
| #define HAVE_RAW_DECL_STRNCAT 1
| #define HAVE_RAW_DECL_STRNDUP 1
| #define HAVE_RAW_DECL_STRNLEN 1
| #define HAVE_RAW_DECL_STRPBRK 1
| #define HAVE_RAW_DECL_STRSEP 1
| #define HAVE_RAW_DECL_STRCASESTR 1
| #define HAVE_RAW_DECL_STRTOK_R 1
| #define HAVE_RAW_DECL_STRERROR_R 1
| #define HAVE_RAW_DECL_STRSIGNAL 1
| #define HAVE_RAW_DECL_STRVERSCMP 1
| #define GNULIB_TEST_MEMCHR 1
| #define HAVE_MEMMEM 1
| #define GNULIB_TEST_MEMMEM 1
| #define HAVE_STRUCT_SIGACTION_SA_SIGACTION 1
| #define GNULIB_TEST_SIGACTION 1
| #define HAVE_RAW_DECL_SIGACTION 1
| #define HAVE_RAW_DECL_SIGADDSET 1
| #define HAVE_RAW_DECL_SIGDELSET 1
| #define HAVE_RAW_DECL_SIGEMPTYSET 1
| #define HAVE_RAW_DECL_SIGFILLSET 1
| #define HAVE_RAW_DECL_SIGISMEMBER 1
| #define HAVE_RAW_DECL_SIGPENDING 1
| #define HAVE_RAW_DECL_SIGPROCMASK 1
| #define GNULIB_TEST_SIGPROCMASK 1
| #define STDC_HEADERS 1
| #define HAVE_SYSLOG_H 1
| /* end confdefs.h.  */
| #include <stdio.h>
| #ifdef HAVE_SYS_TYPES_H
| # include <sys/types.h>
| #endif
| #ifdef HAVE_SYS_STAT_H
| # include <sys/stat.h>
| #endif
| #ifdef STDC_HEADERS
| # include <stdlib.h>
| # include <stddef.h>
| #else
| # ifdef HAVE_STDLIB_H
| #  include <stdlib.h>
| # endif
| #endif
| #ifdef HAVE_STRING_H
| # if !defined STDC_HEADERS && defined HAVE_MEMORY_H
| #  include <memory.h>
| # endif
| # include <string.h>
| #endif
| #ifdef HAVE_STRINGS_H
| # include <strings.h>
| #endif
| #ifdef HAVE_INTTYPES_H
| # include <inttypes.h>
| #endif
| #ifdef HAVE_STDINT_H
| # include <stdint.h>
| #endif
| #ifdef HAVE_UNISTD_H
| # include <unistd.h>
| #endif
| int
| main ()
| {
| if (sizeof ((size_t)))
| 	    return 0;
|   ;
|   return 0;
| }
configure:16193: result: yes
configure:16206: checking for working alloca.h
configure:16223: gcc -o conftest -O2 -Wall -march=native -std=gnu99   conftest.c  >&5
configure:16223: $? = 0
configure:16231: result: yes
configure:16239: checking for alloca
configure:16276: gcc -o conftest -O2 -Wall -march=native -std=gnu99   conftest.c  >&5
configure:16276: $? = 0
configure:16284: result: yes
configure:16469: checking for OpenCL
configure:16492: gcc -o conftest -O2 -Wall -march=native -std=gnu99    conftest.c  -lOpenCL >&5
configure:16492: $? = 0
configure:16493: result: yes
configure:16562: checking for pthread_create in -lpthread
configure:16587: gcc -o conftest -O2 -Wall -march=native -std=gnu99   conftest.c -lpthread   >&5
configure:16587: $? = 0
configure:16596: result: yes
configure:16636: checking for ./ADL_SDK/adl_sdk.h
configure:16650: result: no
configure:16736: checking for library containing addstr
configure:16767: gcc -o conftest -O2 -Wall -march=native -std=gnu99   conftest.c -lpthread  >&5
/tmp/ccQ6uu6M.o: In function `main':
conftest.c:(.text.startup+0x7): undefined reference to `addstr'
collect2: error: ld returned 1 exit status
configure:16767: $? = 1
configure: failed program was:
| /* confdefs.h */
| #define PACKAGE_NAME "sgminer"
| #define PACKAGE_TARNAME "sgminer"
| #define PACKAGE_VERSION "5.5.5-gm-a"
| #define PACKAGE_STRING "sgminer 5.5.5-gm-a"
| #define PACKAGE_BUGREPORT "veox@wemakethings.net"
| #define PACKAGE_URL "https://github.com/sgminer-dev/sgminer"
| #define PACKAGE "sgminer"
| #define VERSION "5.5.5-gm-a"
| #define STDC_HEADERS 1
| #define HAVE_SYS_TYPES_H 1
| #define HAVE_SYS_STAT_H 1
| #define HAVE_STDLIB_H 1
| #define HAVE_STRING_H 1
| #define HAVE_MEMORY_H 1
| #define HAVE_STRINGS_H 1
| #define HAVE_INTTYPES_H 1
| #define HAVE_STDINT_H 1
| #define HAVE_UNISTD_H 1
| #define __EXTENSIONS__ 1
| #define _ALL_SOURCE 1
| #define _GNU_SOURCE 1
| #define _POSIX_PTHREAD_SEMANTICS 1
| #define _TANDEM_SOURCE 1
| #define SGMINER_MAJOR_VERSION 5
| #define SGMINER_MINOR_VERSION 5
| #define SGMINER_MINOR_SUBVERSION 5
| #define SGMINER_REVISON gm-a
| #define HAVE_DLFCN_H 1
| #define LT_OBJDIR ".libs/"
| #define HAVE_SYS_MMAN_H 1
| #define HAVE_WCHAR_H 1
| #define HAVE_STDINT_H 1
| #define HAVE_MPROTECT 1
| #define HAVE_SIGACTION 1
| #define HAVE_SIGALTSTACK 1
| #define HAVE_SIGINTERRUPT 1
| #define HAVE_MAP_ANONYMOUS 1
| #define HAVE_DECL_MEMMEM 1
| #define HAVE_MEMMEM 1
| #define restrict __restrict
| #define HAVE_WCHAR_T 1
| #define HAVE_UNSIGNED_LONG_LONG_INT 1
| #define HAVE_LONG_LONG_INT 1
| #define HAVE_RAW_DECL_MEMMEM 1
| #define HAVE_RAW_DECL_MEMPCPY 1
| #define HAVE_RAW_DECL_MEMRCHR 1
| #define HAVE_RAW_DECL_RAWMEMCHR 1
| #define HAVE_RAW_DECL_STPCPY 1
| #define HAVE_RAW_DECL_STPNCPY 1
| #define HAVE_RAW_DECL_STRCHRNUL 1
| #define HAVE_RAW_DECL_STRDUP 1
| #define HAVE_RAW_DECL_STRNCAT 1
| #define HAVE_RAW_DECL_STRNDUP 1
| #define HAVE_RAW_DECL_STRNLEN 1
| #define HAVE_RAW_DECL_STRPBRK 1
| #define HAVE_RAW_DECL_STRSEP 1
| #define HAVE_RAW_DECL_STRCASESTR 1
| #define HAVE_RAW_DECL_STRTOK_R 1
| #define HAVE_RAW_DECL_STRERROR_R 1
| #define HAVE_RAW_DECL_STRSIGNAL 1
| #define HAVE_RAW_DECL_STRVERSCMP 1
| #define GNULIB_TEST_MEMCHR 1
| #define HAVE_MEMMEM 1
| #define GNULIB_TEST_MEMMEM 1
| #define HAVE_STRUCT_SIGACTION_SA_SIGACTION 1
| #define GNULIB_TEST_SIGACTION 1
| #define HAVE_RAW_DECL_SIGACTION 1
| #define HAVE_RAW_DECL_SIGADDSET 1
| #define HAVE_RAW_DECL_SIGDELSET 1
| #define HAVE_RAW_DECL_SIGEMPTYSET 1
| #define HAVE_RAW_DECL_SIGFILLSET 1
| #define HAVE_RAW_DECL_SIGISMEMBER 1
| #define HAVE_RAW_DECL_SIGPENDING 1
| #define HAVE_RAW_DECL_SIGPROCMASK 1
| #define GNULIB_TEST_SIGPROCMASK 1
| #define STDC_HEADERS 1
| #define HAVE_SYSLOG_H 1
| #define HAVE_ALLOCA_H 1
| #define HAVE_ALLOCA 1
| #define HAVE_LIBPTHREAD 1
| /* end confdefs.h.  */
| 
| /* Override any GCC internal prototype to avoid an error.
|    Use char because int might match the return type of a GCC
|    builtin and then its argument prototype would still apply.  */
| #ifdef __cplusplus
| extern "C"
| #endif
| char addstr ();
| int
| main ()
| {
| return addstr ();
|   ;
|   return 0;
| }
configure:16767: gcc -o conftest -O2 -Wall -march=native -std=gnu99   conftest.c -lncurses  -lpthread  >&5
configure:16767: $? = 0
configure:16784: result: -lncurses
configure:16896: checking for pkg-config
configure:16914: found /usr/bin/pkg-config
configure:16926: result: /usr/bin/pkg-config
configure:16951: checking pkg-config is at least version 0.9.0
configure:16954: result: yes
configure:16985: checking for LIBCURL
configure:16992: $PKG_CONFIG --exists --print-errors "libcurl >= 7.25.0"
configure:16995: $? = 0
configure:17009: $PKG_CONFIG --exists --print-errors "libcurl >= 7.25.0"
configure:17012: $? = 0
configure:17190: result: yes
configure:17281: checking whether to use git version if available
configure:17288: checking for git
configure:17304: found /usr/bin/git
configure:17315: result: git
configure:17326: checking for .git/
configure:17339: result: yes
configure:17374: gcc -c -O2 -Wall -march=native -std=gnu99  conftest.c >&5
configure:17374: $? = 0
configure:17411: gcc -c -O2 -Wall -march=native -std=gnu99  conftest.c >&5
conftest.c:88:35: warning: 'cleanup' defined but not used [-Wunused-function]
 static void __attribute__((cold)) cleanup(void) { }
                                   ^
configure:17411: $? = 0
configure:17421: gcc -c -O2 -Wall -march=native -std=gnu99  conftest.c >&5
conftest.c:89:36: warning: 'cleanup' defined but not used [-Wunused-function]
 static void __attribute__((const)) cleanup(void) { }
                                    ^
configure:17421: $? = 0
configure:17431: gcc -c -O2 -Wall -march=native -std=gnu99  conftest.c >&5
conftest.c: In function 'cleanup':
conftest.c:90:55: warning: implicit declaration of function 'exit' [-Wimplicit-function-declaration]
 static void __attribute__((noreturn)) cleanup(void) { exit(1); }
                                                       ^
conftest.c:90:55: warning: incompatible implicit declaration of built-in function 'exit'
conftest.c:90:55: note: include '<stdlib.h>' or provide a declaration of 'exit'
configure:17431: $? = 0
configure:17441: gcc -c -O2 -Wall -march=native -std=gnu99  conftest.c >&5
conftest.c:91:55: warning: 'cleanup' defined but not used [-Wunused-function]
 static void __attribute__((format(__printf__, 1, 2))) cleanup(const char *fmt, ...) { }
                                                       ^
configure:17441: $? = 0
configure:17451: gcc -c -O2 -Wall -march=native -std=gnu99  conftest.c >&5
configure:17451: $? = 0
configure:17461: gcc -c -O2 -Wall -march=native -std=gnu99  conftest.c >&5
configure:17461: $? = 0
configure:17471: gcc -o conftest -O2 -Wall -march=native -std=gnu99   conftest.c -lncurses -lpthread  >&5
configure:17471: $? = 0
configure:17482: gcc -o conftest -O2 -Wall -march=native -std=gnu99   conftest.c -lncurses -lpthread  >&5
configure:17482: $? = 0
configure:17493: gcc -c -O2 -Wall -march=native -std=gnu99  conftest.c >&5
conftest.c:96:48: warning: 'func' defined but not used [-Wunused-function]
 static int __attribute__((warn_unused_result)) func(int x) { return x; }
                                                ^
configure:17493: $? = 0
configure:17635: checking that generated files are newer than configure
configure:17641: result: done
configure:17736: creating ./config.status

## ---------------------- ##
## Running config.status. ##
## ---------------------- ##

This file was extended by sgminer config.status 5.5.5-gm-a, which was
generated by GNU Autoconf 2.69.  Invocation command line was

  CONFIG_FILES    = 
  CONFIG_HEADERS  = 
  CONFIG_LINKS    = 
  CONFIG_COMMANDS = 
  $ ./config.status 

on revolux-X9DRX-F

config.status:1336: creating Makefile
config.status:1336: creating submodules/Makefile
config.status:1336: creating ccan/Makefile
config.status:1336: creating lib/Makefile
config.status:1336: creating sph/Makefile
config.status:1336: creating config.h
config.status:1517: config.h is unchanged
config.status:1565: executing depfiles commands
config.status:1565: executing libtool commands
configure:19950: === configuring in submodules/jansson (/home/revolux/Desktop/sgminer-gm/submodules/jansson)
configure:20013: running /bin/bash ./configure --disable-option-checking '--prefix=/usr/local'  'CFLAGS=-O2 -Wall -march=native -std=gnu99' --cache-file=/dev/null --srcdir=.

## ---------------- ##
## Cache variables. ##
## ---------------- ##

ac_cv_build=x86_64-pc-linux-gnu
ac_cv_c_compiler_gnu=yes
ac_cv_c_inline=inline
ac_cv_c_restrict=__restrict
ac_cv_env_CC_set=
ac_cv_env_CC_value=
ac_cv_env_CFLAGS_set=set
ac_cv_env_CFLAGS_value='-O2 -Wall -march=native -std=gnu99'
ac_cv_env_CPPFLAGS_set=
ac_cv_env_CPPFLAGS_value=
ac_cv_env_CPP_set=
ac_cv_env_CPP_value=
ac_cv_env_LDFLAGS_set=
ac_cv_env_LDFLAGS_value=
ac_cv_env_LIBCURL_CFLAGS_set=
ac_cv_env_LIBCURL_CFLAGS_value=
ac_cv_env_LIBCURL_LIBS_set=
ac_cv_env_LIBCURL_LIBS_value=
ac_cv_env_LIBS_set=
ac_cv_env_LIBS_value=
ac_cv_env_LT_SYS_LIBRARY_PATH_set=
ac_cv_env_LT_SYS_LIBRARY_PATH_value=
ac_cv_env_PKG_CONFIG_LIBDIR_set=
ac_cv_env_PKG_CONFIG_LIBDIR_value=
ac_cv_env_PKG_CONFIG_PATH_set=
ac_cv_env_PKG_CONFIG_PATH_value=
ac_cv_env_PKG_CONFIG_set=
ac_cv_env_PKG_CONFIG_value=
ac_cv_env_build_alias_set=
ac_cv_env_build_alias_value=
ac_cv_env_host_alias_set=
ac_cv_env_host_alias_value=
ac_cv_env_target_alias_set=
ac_cv_env_target_alias_value=
ac_cv_file___ADL_SDK_adl_sdk_h=no
ac_cv_file__git_=yes
ac_cv_func_alloca_works=yes
ac_cv_func_memmem=yes
ac_cv_func_mmap=yes
ac_cv_func_mprotect=yes
ac_cv_func_sigaction=yes
ac_cv_func_sigaltstack=yes
ac_cv_func_siginterrupt=yes
ac_cv_func_sigprocmask=yes
ac_cv_have_decl_memmem=yes
ac_cv_have_decl_mempcpy=yes
ac_cv_have_decl_memrchr=yes
ac_cv_have_decl_rawmemchr=yes
ac_cv_have_decl_sigaction=yes
ac_cv_have_decl_sigaddset=yes
ac_cv_have_decl_sigdelset=yes
ac_cv_have_decl_sigemptyset=yes
ac_cv_have_decl_sigfillset=yes
ac_cv_have_decl_sigismember=yes
ac_cv_have_decl_sigpending=yes
ac_cv_have_decl_sigprocmask=yes
ac_cv_have_decl_stpcpy=yes
ac_cv_have_decl_stpncpy=yes
ac_cv_have_decl_strcasestr=yes
ac_cv_have_decl_strchrnul=yes
ac_cv_have_decl_strdup=yes
ac_cv_have_decl_strerror_r=yes
ac_cv_have_decl_strncat=yes
ac_cv_have_decl_strndup=yes
ac_cv_have_decl_strnlen=yes
ac_cv_have_decl_strpbrk=yes
ac_cv_have_decl_strsep=yes
ac_cv_have_decl_strsignal=yes
ac_cv_have_decl_strtok_r=yes
ac_cv_have_decl_strverscmp=yes
ac_cv_header_dlfcn_h=yes
ac_cv_header_inttypes_h=yes
ac_cv_header_memory_h=yes
ac_cv_header_minix_config_h=no
ac_cv_header_stdc=yes
ac_cv_header_stdint_h=yes
ac_cv_header_stdlib_h=yes
ac_cv_header_string_h=yes
ac_cv_header_strings_h=yes
ac_cv_header_sys_mman_h=yes
ac_cv_header_sys_stat_h=yes
ac_cv_header_sys_types_h=yes
ac_cv_header_syslog_h=yes
ac_cv_header_unistd_h=yes
ac_cv_header_wchar_h=yes
ac_cv_host=x86_64-pc-linux-gnu
ac_cv_lib_pthread_pthread_create=yes
ac_cv_member_struct_sigaction_sa_sigaction=yes
ac_cv_objext=o
ac_cv_path_EGREP='/bin/grep -E'
ac_cv_path_FGREP='/bin/grep -F'
ac_cv_path_GREP=/bin/grep
ac_cv_path_SED=/bin/sed
ac_cv_path_ac_pt_PKG_CONFIG=/usr/bin/pkg-config
ac_cv_path_install='/usr/bin/install -c'
ac_cv_path_lt_DD=/bin/dd
ac_cv_path_mkdir=/bin/mkdir
ac_cv_prog_AWK=mawk
ac_cv_prog_CPP='gcc -E'
ac_cv_prog_GIT=git
ac_cv_prog_ac_ct_AR=ar
ac_cv_prog_ac_ct_CC=gcc
ac_cv_prog_ac_ct_MANIFEST_TOOL=mt
ac_cv_prog_ac_ct_OBJDUMP=objdump
ac_cv_prog_ac_ct_RANLIB=ranlib
ac_cv_prog_ac_ct_STRIP=strip
ac_cv_prog_cc_c89=
ac_cv_prog_cc_g=yes
ac_cv_prog_gcc_traditional=no
ac_cv_prog_make_make_set=yes
ac_cv_safe_to_define___extensions__=yes
ac_cv_search_addstr=-lncurses
ac_cv_target=x86_64-pc-linux-gnu
ac_cv_type_long_long_int=yes
ac_cv_type_sighandler_t=yes
ac_cv_type_size_t=yes
ac_cv_type_uid_t=yes
ac_cv_type_unsigned_long_long_int=yes
ac_cv_type_volatile_sig_atomic_t=yes
ac_cv_working_alloca_h=yes
am_cv_CC_dependencies_compiler_type=gcc3
am_cv_make_support_nested_variables=yes
am_cv_prog_cc_c_o=yes
gl_cv_c_multiarch=no
gl_cv_decl_null_works=yes
gl_cv_func_memchr_works=yes
gl_cv_func_memmem_works_always=yes
gl_cv_func_memmem_works_fast=yes
gl_cv_func_sigprocmask=1
gl_cv_have_include_next=yes
gl_cv_have_raw_decl_memmem=yes
gl_cv_have_raw_decl_mempcpy=yes
gl_cv_have_raw_decl_memrchr=yes
gl_cv_have_raw_decl_rawmemchr=yes
gl_cv_have_raw_decl_sigaction=yes
gl_cv_have_raw_decl_sigaddset=yes
gl_cv_have_raw_decl_sigdelset=yes
gl_cv_have_raw_decl_sigemptyset=yes
gl_cv_have_raw_decl_sigfillset=yes
gl_cv_have_raw_decl_sigismember=yes
gl_cv_have_raw_decl_sigpending=yes
gl_cv_have_raw_decl_sigprocmask=yes
gl_cv_have_raw_decl_stpcpy=yes
gl_cv_have_raw_decl_stpncpy=yes
gl_cv_have_raw_decl_strcasestr=yes
gl_cv_have_raw_decl_strchrnul=yes
gl_cv_have_raw_decl_strdup=yes
gl_cv_have_raw_decl_strerror_r=yes
gl_cv_have_raw_decl_strncat=yes
gl_cv_have_raw_decl_strndup=yes
gl_cv_have_raw_decl_strnlen=yes
gl_cv_have_raw_decl_strpbrk=yes
gl_cv_have_raw_decl_strsep=yes
gl_cv_have_raw_decl_strsignal=yes
gl_cv_have_raw_decl_strtok_r=yes
gl_cv_have_raw_decl_strverscmp=yes
gl_cv_header_working_stdint_h=yes
gl_cv_next_signal_h='<signal.h>'
gl_cv_next_stdint_h='<stdint.h>'
gl_cv_next_string_h='<string.h>'
gl_cv_pragma_columns=no
gt_cv_c_wchar_t=yes
lt_cv_ar_at_file=@
lt_cv_deplibs_check_method=pass_all
lt_cv_file_magic_cmd='$MAGIC_CMD'
lt_cv_file_magic_test_file=
lt_cv_ld_reload_flag=-r
lt_cv_nm_interface='BSD nm'
lt_cv_objdir=.libs
lt_cv_path_LD=/usr/bin/ld
lt_cv_path_NM='/usr/bin/nm -B'
lt_cv_path_mainfest_tool=no
lt_cv_prog_compiler_c_o=yes
lt_cv_prog_compiler_pic='-fPIC -DPIC'
lt_cv_prog_compiler_pic_works=yes
lt_cv_prog_compiler_rtti_exceptions=no
lt_cv_prog_compiler_static_works=yes
lt_cv_prog_gnu_ld=yes
lt_cv_sharedlib_from_linklib_cmd='printf %s\n'
lt_cv_shlibpath_overrides_runpath=no
lt_cv_sys_global_symbol_pipe='sed -n -e '\''s/^.*[	 ]\([ABCDGIRSTW][ABCDGIRSTW]*\)[	 ][	 ]*\([_A-Za-z][_A-Za-z0-9]*\)$/\1 \2 \2/p'\'' | sed '\''/ __gnu_lto/d'\'''
lt_cv_sys_global_symbol_to_c_name_address='sed -n -e '\''s/^: \(.*\) .*$/  {"\1", (void *) 0},/p'\'' -e '\''s/^[ABCDGIRSTW][ABCDGIRSTW]* .* \(.*\)$/  {"\1", (void *) \&\1},/p'\'''
lt_cv_sys_global_symbol_to_c_name_address_lib_prefix='sed -n -e '\''s/^: \(.*\) .*$/  {"\1", (void *) 0},/p'\'' -e '\''s/^[ABCDGIRSTW][ABCDGIRSTW]* .* \(lib.*\)$/  {"\1", (void *) \&\1},/p'\'' -e '\''s/^[ABCDGIRSTW][ABCDGIRSTW]* .* \(.*\)$/  {"lib\1", (void *) \&\1},/p'\'''
lt_cv_sys_global_symbol_to_cdecl='sed -n -e '\''s/^T .* \(.*\)$/extern int \1();/p'\'' -e '\''s/^[ABCDGIRSTW][ABCDGIRSTW]* .* \(.*\)$/extern char \1;/p'\'''
lt_cv_sys_global_symbol_to_import=
lt_cv_sys_max_cmd_len=1572864
lt_cv_to_host_file_cmd=func_convert_file_noop
lt_cv_to_tool_file_cmd=func_convert_file_noop
lt_cv_truncate_bin='/bin/dd bs=4096 count=1'
pkg_cv_LIBCURL_CFLAGS=
pkg_cv_LIBCURL_LIBS=-lcurl

## ----------------- ##
## Output variables. ##
## ----------------- ##

ACLOCAL='${SHELL} /home/revolux/Desktop/sgminer-gm/missing aclocal-1.15'
ADL_CPPFLAGS=''
ALLOCA=''
AMDEPBACKSLASH='\'
AMDEP_FALSE='#'
AMDEP_TRUE=''
AMTAR='$${TAR-tar}'
AM_BACKSLASH='\'
AM_DEFAULT_V='$(AM_DEFAULT_VERBOSITY)'
AM_DEFAULT_VERBOSITY='0'
AM_V='$(V)'
APPLE_UNIVERSAL_BUILD='0'
AR='ar'
AUTOCONF='${SHELL} /home/revolux/Desktop/sgminer-gm/missing autoconf'
AUTOHEADER='${SHELL} /home/revolux/Desktop/sgminer-gm/missing autoheader'
AUTOMAKE='${SHELL} /home/revolux/Desktop/sgminer-gm/missing automake-1.15'
AWK='mawk'
BITSIZEOF_PTRDIFF_T=''
BITSIZEOF_SIG_ATOMIC_T=''
BITSIZEOF_SIZE_T=''
BITSIZEOF_WCHAR_T=''
BITSIZEOF_WINT_T=''
BUILD_NUMBER=''
CC='gcc'
CCDEPMODE='depmode=gcc3'
CFLAGS='-O2 -Wall -march=native -std=gnu99'
CPP='gcc -E'
CPPFLAGS=''
CYGPATH_W='echo'
DEFS='-DHAVE_CONFIG_H'
DEPDIR='.deps'
DLLTOOL='false'
DLOPEN_FLAGS=''
DSYMUTIL=''
DUMPBIN=''
ECHO_C=''
ECHO_N='-n'
ECHO_T=''
EGREP='/bin/grep -E'
EXEEXT=''
FGREP='/bin/grep -F'
GIT='git'
GL_COND_LIBTOOL_FALSE=''
GL_COND_LIBTOOL_TRUE='#'
GL_GENERATE_STDDEF_H_FALSE=''
GL_GENERATE_STDDEF_H_TRUE='#'
GL_GENERATE_STDINT_H_FALSE=''
GL_GENERATE_STDINT_H_TRUE='#'
GNULIB_MBSCASECMP='0'
GNULIB_MBSCASESTR='0'
GNULIB_MBSCHR='0'
GNULIB_MBSCSPN='0'
GNULIB_MBSLEN='0'
GNULIB_MBSNCASECMP='0'
GNULIB_MBSNLEN='0'
GNULIB_MBSPBRK='0'
GNULIB_MBSPCASECMP='0'
GNULIB_MBSRCHR='0'
GNULIB_MBSSEP='0'
GNULIB_MBSSPN='0'
GNULIB_MBSSTR='0'
GNULIB_MBSTOK_R='0'
GNULIB_MEMCHR='1'
GNULIB_MEMMEM='1'
GNULIB_MEMPCPY='0'
GNULIB_MEMRCHR='0'
GNULIB_RAWMEMCHR='0'
GNULIB_SIGACTION='1'
GNULIB_SIGNAL_H_SIGPIPE='0'
GNULIB_SIGPROCMASK='1'
GNULIB_STPCPY='0'
GNULIB_STPNCPY='0'
GNULIB_STRCASESTR='0'
GNULIB_STRCHRNUL='0'
GNULIB_STRDUP='0'
GNULIB_STRERROR='0'
GNULIB_STRERROR_R='0'
GNULIB_STRNCAT='0'
GNULIB_STRNDUP='0'
GNULIB_STRNLEN='0'
GNULIB_STRPBRK='0'
GNULIB_STRSEP='0'
GNULIB_STRSIGNAL='0'
GNULIB_STRSTR='0'
GNULIB_STRTOK_R='0'
GNULIB_STRVERSCMP='0'
GREP='/bin/grep'
HAVE_CURSES_FALSE='#'
HAVE_CURSES_TRUE=''
HAVE_DECL_MEMMEM='1'
HAVE_DECL_MEMRCHR='1'
HAVE_DECL_STRDUP='1'
HAVE_DECL_STRERROR_R='1'
HAVE_DECL_STRNDUP='1'
HAVE_DECL_STRNLEN='1'
HAVE_DECL_STRSIGNAL='1'
HAVE_DECL_STRTOK_R='1'
HAVE_INTTYPES_H='1'
HAVE_LONG_LONG_INT='1'
HAVE_MBSLEN='0'
HAVE_MEMCHR='1'
HAVE_MEMPCPY='1'
HAVE_POSIX_SIGNALBLOCKING='1'
HAVE_RAWMEMCHR='1'
HAVE_SIGACTION='1'
HAVE_SIGHANDLER_T='1'
HAVE_SIGINFO_T='1'
HAVE_SIGNED_SIG_ATOMIC_T=''
HAVE_SIGNED_WCHAR_T=''
HAVE_SIGNED_WINT_T=''
HAVE_SIGSET_T='1'
HAVE_STDINT_H='1'
HAVE_STPCPY='1'
HAVE_STPNCPY='1'
HAVE_STRCASESTR='1'
HAVE_STRCHRNUL='1'
HAVE_STRPBRK='1'
HAVE_STRSEP='1'
HAVE_STRUCT_SIGACTION_SA_SIGACTION='1'
HAVE_STRVERSCMP='1'
HAVE_SYS_BITYPES_H=''
HAVE_SYS_INTTYPES_H=''
HAVE_SYS_TYPES_H='1'
HAVE_TYPE_VOLATILE_SIG_ATOMIC_T='1'
HAVE_UNSIGNED_LONG_LONG_INT='1'
HAVE_WCHAR_H='1'
HAVE_WCHAR_T='1'
HAVE_WINDOWS_FALSE=''
HAVE_WINDOWS_TRUE='#'
HAVE_x86_64_FALSE='#'
HAVE_x86_64_TRUE=''
INCLUDE_NEXT='include_next'
INCLUDE_NEXT_AS_FIRST_DIRECTIVE='include_next'
INSTALL_DATA='${INSTALL} -m 644'
INSTALL_PROGRAM='${INSTALL}'
INSTALL_SCRIPT='${INSTALL}'
INSTALL_STRIP_PROGRAM='$(install_sh) -c -s'
JANSSON_LIBS='submodules/jansson/src/.libs/libjansson.a'
LD='/usr/bin/ld -m elf_x86_64'
LDFLAGS=''
LIBCURL_CFLAGS=''
LIBCURL_LIBS='-lcurl'
LIBGNU_LIBDEPS=''
LIBGNU_LTLIBDEPS=''
LIBOBJS=''
LIBS='-lncurses -lpthread '
LIBTOOL='$(SHELL) $(top_builddir)/libtool'
LIPO=''
LN_S='ln -s'
LTLIBOBJS=''
LT_SYS_LIBRARY_PATH=''
MAINT='#'
MAINTAINER_MODE_FALSE=''
MAINTAINER_MODE_TRUE='#'
MAKEINFO='${SHELL} /home/revolux/Desktop/sgminer-gm/missing makeinfo'
MANIFEST_TOOL=':'
MATH_LIBS='-lm'
MKDIR_P='/bin/mkdir -p'
MM_LIBS=''
NCURSES_LIBS=''
NEXT_AS_FIRST_DIRECTIVE_SIGNAL_H='<signal.h>'
NEXT_AS_FIRST_DIRECTIVE_STDDEF_H=''
NEXT_AS_FIRST_DIRECTIVE_STDINT_H='<stdint.h>'
NEXT_AS_FIRST_DIRECTIVE_STRING_H='<string.h>'
NEXT_SIGNAL_H='<signal.h>'
NEXT_STDDEF_H=''
NEXT_STDINT_H='<stdint.h>'
NEXT_STRING_H='<string.h>'
NM='/usr/bin/nm -B'
NMEDIT=''
OBJDUMP='objdump'
OBJEXT='o'
OPENCL_FLAGS=''
OPENCL_LIBS='-lOpenCL'
OTOOL64=''
OTOOL=''
PACKAGE='sgminer'
PACKAGE_BUGREPORT='veox@wemakethings.net'
PACKAGE_NAME='sgminer'
PACKAGE_STRING='sgminer 5.5.5-gm-a'
PACKAGE_TARNAME='sgminer'
PACKAGE_URL='https://github.com/sgminer-dev/sgminer'
PACKAGE_VERSION='5.5.5-gm-a'
PATH_SEPARATOR=':'
PDCURSES_LIBS=''
PKG_CONFIG='/usr/bin/pkg-config'
PKG_CONFIG_LIBDIR=''
PKG_CONFIG_PATH=''
PRAGMA_COLUMNS=''
PRAGMA_SYSTEM_HEADER='#pragma GCC system_header'
PTHREAD_FLAGS='-lpthread'
PTHREAD_LIBS='-lpthread'
PTRDIFF_T_SUFFIX=''
RANLIB='ranlib'
REPLACE_MEMCHR='0'
REPLACE_MEMMEM='0'
REPLACE_NULL='0'
REPLACE_STPNCPY='0'
REPLACE_STRCASESTR='0'
REPLACE_STRCHRNUL='0'
REPLACE_STRDUP='0'
REPLACE_STRERROR='0'
REPLACE_STRERROR_R='0'
REPLACE_STRNCAT='0'
REPLACE_STRNDUP='0'
REPLACE_STRNLEN='0'
REPLACE_STRSIGNAL='0'
REPLACE_STRSTR='0'
REPLACE_STRTOK_R='0'
RT_LIBS='-lrt'
SED='/bin/sed'
SET_MAKE=''
SHELL='/bin/bash'
SIG_ATOMIC_T_SUFFIX=''
SIZE_T_SUFFIX=''
STDDEF_H=''
STDINT_H=''
STRIP='strip'
UNDEFINE_STRTOK_R='0'
USE_BUILD_NUMBER_FALSE=''
USE_BUILD_NUMBER_TRUE='#'
USE_GIT_VERSION_FALSE='#'
USE_GIT_VERSION_TRUE=''
VERSION='5.5.5-gm-a'
VMAJ='5'
WCHAR_T_SUFFIX=''
WINT_T_SUFFIX=''
WS2_LIBS=''
ac_ct_AR='ar'
ac_ct_CC='gcc'
ac_ct_DUMPBIN=''
am__EXEEXT_FALSE=''
am__EXEEXT_TRUE='#'
am__fastdepCC_FALSE='#'
am__fastdepCC_TRUE=''
am__include='include'
am__isrc=''
am__leading_dot='.'
am__nodep='_no'
am__quote=''
am__tar='$${TAR-tar} chof - "$$tardir"'
am__untar='$${TAR-tar} xf -'
bindir='${exec_prefix}/bin'
build='x86_64-pc-linux-gnu'
build_alias=''
build_cpu='x86_64'
build_os='linux-gnu'
build_vendor='pc'
datadir='${datarootdir}'
datarootdir='${prefix}/share'
docdir='${datarootdir}/doc/${PACKAGE_TARNAME}'
dvidir='${docdir}'
exec_prefix='${prefix}'
gl_LIBOBJS=''
gl_LTLIBOBJS=''
gltests_LIBOBJS=''
gltests_LTLIBOBJS=''
gltests_WITNESS='IN_SGMINER_GNULIB_TESTS'
host='x86_64-pc-linux-gnu'
host_alias=''
host_cpu='x86_64'
host_os='linux-gnu'
host_vendor='pc'
htmldir='${docdir}'
includedir='${prefix}/include'
infodir='${datarootdir}/info'
install_sh='${SHELL} /home/revolux/Desktop/sgminer-gm/install-sh'
libdir='${exec_prefix}/lib'
libexecdir='${exec_prefix}/libexec'
localedir='${datarootdir}/locale'
localstatedir='${prefix}/var'
mandir='${datarootdir}/man'
mkdir_p='$(MKDIR_P)'
oldincludedir='/usr/include'
pdfdir='${docdir}'
prefix='/usr/local'
program_transform_name='s,x,x,'
psdir='${docdir}'
release_info=''
runstatedir='${localstatedir}/run'
sbindir='${exec_prefix}/sbin'
sharedstatedir='${prefix}/com'
subdirs=' submodules/jansson'
sysconfdir='${prefix}/etc'
target='x86_64-pc-linux-gnu'
target_alias=''
target_cpu='x86_64'
target_os='linux-gnu'
target_vendor='pc'
version_info='10:5:5'

## ----------- ##
## confdefs.h. ##
## ----------- ##

/* confdefs.h */
#define PACKAGE_NAME "sgminer"
#define PACKAGE_TARNAME "sgminer"
#define PACKAGE_VERSION "5.5.5-gm-a"
#define PACKAGE_STRING "sgminer 5.5.5-gm-a"
#define PACKAGE_BUGREPORT "veox@wemakethings.net"
#define PACKAGE_URL "https://github.com/sgminer-dev/sgminer"
#define PACKAGE "sgminer"
#define VERSION "5.5.5-gm-a"
#define STDC_HEADERS 1
#define HAVE_SYS_TYPES_H 1
#define HAVE_SYS_STAT_H 1
#define HAVE_STDLIB_H 1
#define HAVE_STRING_H 1
#define HAVE_MEMORY_H 1
#define HAVE_STRINGS_H 1
#define HAVE_INTTYPES_H 1
#define HAVE_STDINT_H 1
#define HAVE_UNISTD_H 1
#define __EXTENSIONS__ 1
#define _ALL_SOURCE 1
#define _GNU_SOURCE 1
#define _POSIX_PTHREAD_SEMANTICS 1
#define _TANDEM_SOURCE 1
#define SGMINER_MAJOR_VERSION 5
#define SGMINER_MINOR_VERSION 5
#define SGMINER_MINOR_SUBVERSION 5
#define SGMINER_REVISON gm-a
#define HAVE_DLFCN_H 1
#define LT_OBJDIR ".libs/"
#define HAVE_SYS_MMAN_H 1
#define HAVE_WCHAR_H 1
#define HAVE_STDINT_H 1
#define HAVE_MPROTECT 1
#define HAVE_SIGACTION 1
#define HAVE_SIGALTSTACK 1
#define HAVE_SIGINTERRUPT 1
#define HAVE_MAP_ANONYMOUS 1
#define HAVE_DECL_MEMMEM 1
#define HAVE_MEMMEM 1
#define restrict __restrict
#define HAVE_WCHAR_T 1
#define HAVE_UNSIGNED_LONG_LONG_INT 1
#define HAVE_LONG_LONG_INT 1
#define HAVE_RAW_DECL_MEMMEM 1
#define HAVE_RAW_DECL_MEMPCPY 1
#define HAVE_RAW_DECL_MEMRCHR 1
#define HAVE_RAW_DECL_RAWMEMCHR 1
#define HAVE_RAW_DECL_STPCPY 1
#define HAVE_RAW_DECL_STPNCPY 1
#define HAVE_RAW_DECL_STRCHRNUL 1
#define HAVE_RAW_DECL_STRDUP 1
#define HAVE_RAW_DECL_STRNCAT 1
#define HAVE_RAW_DECL_STRNDUP 1
#define HAVE_RAW_DECL_STRNLEN 1
#define HAVE_RAW_DECL_STRPBRK 1
#define HAVE_RAW_DECL_STRSEP 1
#define HAVE_RAW_DECL_STRCASESTR 1
#define HAVE_RAW_DECL_STRTOK_R 1
#define HAVE_RAW_DECL_STRERROR_R 1
#define HAVE_RAW_DECL_STRSIGNAL 1
#define HAVE_RAW_DECL_STRVERSCMP 1
#define GNULIB_TEST_MEMCHR 1
#define HAVE_MEMMEM 1
#define GNULIB_TEST_MEMMEM 1
#define HAVE_STRUCT_SIGACTION_SA_SIGACTION 1
#define GNULIB_TEST_SIGACTION 1
#define HAVE_RAW_DECL_SIGACTION 1
#define HAVE_RAW_DECL_SIGADDSET 1
#define HAVE_RAW_DECL_SIGDELSET 1
#define HAVE_RAW_DECL_SIGEMPTYSET 1
#define HAVE_RAW_DECL_SIGFILLSET 1
#define HAVE_RAW_DECL_SIGISMEMBER 1
#define HAVE_RAW_DECL_SIGPENDING 1
#define HAVE_RAW_DECL_SIGPROCMASK 1
#define GNULIB_TEST_SIGPROCMASK 1
#define STDC_HEADERS 1
#define HAVE_SYSLOG_H 1
#define HAVE_ALLOCA_H 1
#define HAVE_ALLOCA 1
#define HAVE_LIBPTHREAD 1
#define HAVE_CURSES 1
#define CURL_HAS_KEEPALIVE 1
#define HAVE_LIBCURL 1
#define USE_GIT_VERSION 1
#define EXECV_2ND_ARG_TYPE char* const*
#define HAVE_ATTRIBUTE_COLD 1
#define HAVE_ATTRIBUTE_CONST 1
#define HAVE_ATTRIBUTE_NORETURN 1
#define HAVE_ATTRIBUTE_PRINTF 1
#define HAVE_ATTRIBUTE_UNUSED 1
#define HAVE_ATTRIBUTE_USED 1
#define HAVE_BUILTIN_CONSTANT_P 1
#define HAVE_BUILTIN_TYPES_COMPATIBLE_P 1
#define HAVE_WARN_UNUSED_RESULT 1
#define SGMINER_PREFIX "/usr/local/bin"

configure: exit 0
